Flutter crash report.
Please report a bug at https://github.com/flutter/flutter/issues.

## command

flutter run

## exception

SocketException: SocketException: Send failed (OS Error: No route to host, errno = 65), address = 0.0.0.0, port = 5353

```
#0      _NativeSocket.send (dart:io-patch/socket_patch.dart:1275:34)
#1      _RawDatagramSocket.send (dart:io-patch/socket_patch.dart:2590:15)
#2      MDnsClient.lookup (package:multicast_dns/multicast_dns.dart:219:22)
#3      MDnsVmServiceDiscovery._pollingVmService (package:flutter_tools/src/mdns_discovery.dart:232:66)
<asynchronous suspension>
#4      MDnsVmServiceDiscovery.firstMatchingVmService (package:flutter_tools/src/mdns_discovery.dart:188:56)
<asynchronous suspension>
#5      MDnsVmServiceDiscovery.getVMServiceUriForLaunch (package:flutter_tools/src/mdns_discovery.dart:433:50)
<asynchronous suspension>
#6      Future.wait.<anonymous closure> (dart:async/future.dart:534:21)
<asynchronous suspension>
#7      Future.any.onValue (dart:async/future.dart:628:5)
<asynchronous suspension>
```

## flutter doctor

```
[32m[✓][39m Flutter (Channel master, 3.24.0-1.0.pre.273, on macOS 15.5 24F74 darwin-arm64 (Rosetta), locale en-SG)
    [32m•[39m Flutter version 3.24.0-1.0.pre.273 on channel master at /Users/rajeev/Documents/Other_Drive/Learning/Flutter/flutter
    [32m•[39m Upstream repository https://github.com/flutter/flutter.git
    [32m•[39m Framework revision e65475de61 (12 months ago), 2024-07-25 00:46:24 -0400
    [32m•[39m Engine revision a57655cccb
    [32m•[39m Dart version 3.6.0 (build 3.6.0-78.0.dev)
    [32m•[39m DevTools version 2.37.1

[32m[✓][39m Android toolchain - develop for Android devices (Android SDK version 34.0.0)
    [32m•[39m Android SDK at /Users/rajeev/Library/Android/sdk
    [32m•[39m Platform android-34, build-tools 34.0.0
    [32m•[39m Java binary at: /Applications/Android Studio.app/Contents/jbr/Contents/Home/bin/java
    [32m•[39m Java version OpenJDK Runtime Environment (build 17.0.9+0-17.0.9b1087.7-11185874)
    [32m•[39m All Android licenses accepted.

[32m[✓][39m Xcode - develop for iOS and macOS (Xcode 16.4)
    [32m•[39m Xcode at /Applications/Xcode.app/Contents/Developer
    [32m•[39m Build 16F6
    [32m•[39m CocoaPods version 1.15.2

[32m[✓][39m Chrome - develop for the web
    [32m•[39m Chrome at /Applications/Google Chrome.app/Contents/MacOS/Google Chrome

[32m[✓][39m Android Studio (version 2023.2)
    [32m•[39m Android Studio at /Applications/Android Studio.app/Contents
    [32m•[39m Flutter plugin can be installed from:
      🔨 https://plugins.jetbrains.com/plugin/9212-flutter
    [32m•[39m Dart plugin can be installed from:
      🔨 https://plugins.jetbrains.com/plugin/6351-dart
    [32m•[39m Java version OpenJDK Runtime Environment (build 17.0.9+0-17.0.9b1087.7-11185874)

[32m[✓][39m IntelliJ IDEA Community Edition (version 2022.2.1)
    [32m•[39m IntelliJ at /Applications/IntelliJ IDEA CE.app
    [32m•[39m Flutter plugin can be installed from:
      🔨 https://plugins.jetbrains.com/plugin/9212-flutter
    [32m•[39m Dart plugin can be installed from:
      🔨 https://plugins.jetbrains.com/plugin/6351-dart

[32m[✓][39m VS Code (version 1.74.2)
    [32m•[39m VS Code at /Users/rajeev/Downloads/Visual Studio Code.app/Contents
    [32m•[39m Flutter extension version 3.60.0

[32m[✓][39m Connected device (5 available)
    [32m•[39m Rajeev’s iPhone (mobile)        • 00008140-000C211C2EE0801C            • ios            • iOS 18.5 22F76
    [32m•[39m iPhone 15 Pro Max (mobile)      • FA1AF43A-1295-4AAB-B95D-D4CF22A97E0B • ios            • com.apple.CoreSimulator.SimRuntime.iOS-17-5 (simulator)
    [32m•[39m macOS (desktop)                 • macos                                • darwin-arm64   • macOS 15.5 24F74 darwin-arm64 (Rosetta)
    [32m•[39m Mac Designed for iPad (desktop) • mac-designed-for-ipad                • darwin         • macOS 15.5 24F74 darwin-arm64 (Rosetta)
    [32m•[39m Chrome (web)                    • chrome                               • web-javascript • Google Chrome 138.0.7204.93

[32m[✓][39m Network resources
    [32m•[39m All expected network resources are available.

[32m•[39m No issues found!
```
